<?xml version="1.0" encoding="UTF-8"?>
<Site BuildName="(empty)"
	BuildStamp="20241005-1310-Experimental"
	Name="john"
	Generator="ctest-3.16.3"
	CompilerName="/usr/bin/g++"
	CompilerVersion="9.4.0"
	OSName="Linux"
	Hostname="john"
	OSRelease="5.15.0-122-generic"
	OSVersion="#132~20.04.1-Ubuntu SMP Fri Aug 30 15:50:07 UTC 2024"
	OSPlatform="x86_64"
	Is64Bits="1"
	VendorString="GenuineIntel"
	VendorID="Intel Corporation"
	FamilyID="6"
	ModelID="63"
	ProcessorCacheSize="25600"
	NumberOfLogicalCPU="20"
	NumberOfPhysicalCPU="10"
	TotalVirtualMemory="2047"
	TotalPhysicalMemory="31941"
	LogicalProcessorsPerPhysical="2"
	ProcessorClockFrequency="1300"
	>
	<Testing>
		<StartDateTime>Oct 05 21:10 CST</StartDateTime>
		<StartTestTime>1728133845</StartTestTime>
		<TestList/>
		<EndDateTime>Oct 05 21:10 CST</EndDateTime>
		<EndTestTime>1728133845</EndTestTime>
		<ElapsedMinutes>0</ElapsedMinutes>
	</Testing>
</Site>
